[rosmaster.main][INFO] 2024-03-28 14:58:49,980: initialization complete, waiting for shutdown
[rosmaster.main][INFO] 2024-03-28 14:58:49,981: Starting ROS Master Node
[xmlrpc][INFO] 2024-03-28 14:58:49,990: XML-RPC server binding to 0.0.0.0:11311
[xmlrpc][INFO] 2024-03-28 14:58:49,991: Started XML-RPC server [http://526f87885b72:11311/]
[xmlrpc][INFO] 2024-03-28 14:58:49,992: xml rpc node: starting XML-RPC server
[rosmaster.master][INFO] 2024-03-28 14:58:49,993: Master initialized: port[11311], uri[http://526f87885b72:11311/]
[rosmaster.master][INFO] 2024-03-28 14:58:50,092: +PARAM [/run_id] by /roslaunch
[rosmaster.master][INFO] 2024-03-28 14:58:50,096: +PARAM [/roslaunch/uris/host_526f87885b72__36427] by /roslaunch
[rosmaster.master][INFO] 2024-03-28 14:58:50,223: +PARAM [/rosversion] by /roslaunch
[rosmaster.master][INFO] 2024-03-28 14:58:50,223: +PARAM [/rosdistro] by /roslaunch
[rosmaster.master][INFO] 2024-03-28 14:58:50,304: +SERVICE [/rosout/get_loggers] /rosout http://526f87885b72:33093/
[rosmaster.master][INFO] 2024-03-28 14:58:50,308: +SERVICE [/rosout/set_logger_level] /rosout http://526f87885b72:33093/
[rosmaster.master][INFO] 2024-03-28 14:58:50,316: +PUB [/rosout_agg] /rosout http://526f87885b72:33093/
[rosmaster.master][INFO] 2024-03-28 14:58:50,324: +SUB [/rosout] /rosout http://526f87885b72:33093/
[rosmaster.master][INFO] 2024-03-28 15:00:01,601: +PUB [/rosout] /qr_code_listener_42262_1711638001316 http://526f87885b72:46673/
[rosmaster.master][INFO] 2024-03-28 15:00:01,611: publisherUpdate[/rosout] -> http://526f87885b72:33093/ ['http://526f87885b72:46673/']
[rosmaster.master][INFO] 2024-03-28 15:00:01,639: +SERVICE [/qr_code_listener_42262_1711638001316/get_loggers] /qr_code_listener_42262_1711638001316 http://526f87885b72:46673/
[rosmaster.master][INFO] 2024-03-28 15:00:01,645: +SERVICE [/qr_code_listener_42262_1711638001316/set_logger_level] /qr_code_listener_42262_1711638001316 http://526f87885b72:46673/
[rosmaster.master][INFO] 2024-03-28 15:00:01,654: publisherUpdate[/rosout] -> http://526f87885b72:33093/ ['http://526f87885b72:46673/']: sec=0.04, exception=[Errno 111] Connection refused
[rosmaster.master][INFO] 2024-03-28 15:00:01,658: +SUB [/visp_auto_tracker/object_position] /qr_code_listener_42262_1711638001316 http://526f87885b72:46673/
[rosmaster.threadpool][ERROR] 2024-03-28 15:00:01,664: Traceback (most recent call last):
  File "/opt/ros/noetic/lib/python3/dist-packages/rosmaster/threadpool.py", line 218, in run
    result = cmd(*args)
  File "/opt/ros/noetic/lib/python3/dist-packages/rosmaster/master_api.py", line 210, in publisher_update_task
    ret = xmlrpcapi(api).publisherUpdate('/master', topic, pub_uris)
  File "/usr/lib/python3.8/xmlrpc/client.py", line 1109, in __call__
    return self.__send(self.__name, args)
  File "/usr/lib/python3.8/xmlrpc/client.py", line 1450, in __request
    response = self.__transport.request(
  File "/usr/lib/python3.8/xmlrpc/client.py", line 1153, in request
    return self.single_request(host, handler, request_body, verbose)
  File "/usr/lib/python3.8/xmlrpc/client.py", line 1165, in single_request
    http_conn = self.send_request(host, handler, request_body, verbose)
  File "/usr/lib/python3.8/xmlrpc/client.py", line 1278, in send_request
    self.send_content(connection, request_body)
  File "/usr/lib/python3.8/xmlrpc/client.py", line 1308, in send_content
    connection.endheaders(request_body)
  File "/usr/lib/python3.8/http/client.py", line 1251, in endheaders
    self._send_output(message_body, encode_chunked=encode_chunked)
  File "/usr/lib/python3.8/http/client.py", line 1011, in _send_output
    self.send(msg)
  File "/usr/lib/python3.8/http/client.py", line 951, in send
    self.connect()
  File "/usr/lib/python3.8/http/client.py", line 922, in connect
    self.sock = self._create_connection(
  File "/usr/lib/python3.8/socket.py", line 808, in create_connection
    raise err
  File "/usr/lib/python3.8/socket.py", line 796, in create_connection
    sock.connect(sa)
ConnectionRefusedError: [Errno 111] Connection refused

[rosmaster.master][INFO] 2024-03-28 15:00:01,859: +SERVICE [/rosout/get_loggers] /rosout http://526f87885b72:40111/
[rosmaster.master][INFO] 2024-03-28 15:00:01,863: +SERVICE [/rosout/set_logger_level] /rosout http://526f87885b72:40111/
[rosmaster.master][INFO] 2024-03-28 15:00:01,872: +PUB [/rosout_agg] /rosout http://526f87885b72:40111/
[rosmaster.master][INFO] 2024-03-28 15:00:01,880: +SUB [/rosout] /rosout http://526f87885b72:40111/
